{
  "Cucumber Features": {
    "coverage": {
      "/home/ubuntu/workspace/app/controllers/application_controller.rb": [
        1,
        1,
        null
      ],
      "/home/ubuntu/workspace/app/helpers/application_helper.rb": [
        1,
        null
      ],
      "/home/ubuntu/workspace/app/controllers/rooms_controller.rb": [
        1,
        1,
        null,
        null,
        1,
        null,
        null,
        1,
        1,
        1,
        1,
        1,
        1,
        1,
        1,
        null,
        null,
        1,
        1,
        1,
        1,
        1,
        1,
        1,
        1,
        1,
        1,
        1,
        null,
        0,
        0,
        0,
        0,
        0,
        0,
        0,
        null,
        null,
        null,
        1,
        4,
        null,
        null,
        1,
        4,
        4,
        4,
        4,
        4,
        4,
        1,
        1,
        1,
        null,
        3,
        null,
        null,
        null,
        1,
        4,
        null,
        null,
        1,
        2,
        null,
        null,
        1,
        2,
        null,
        null,
        1,
        0,
        0,
        null,
        null,
        1,
        2,
        2,
        2,
        2,
        2,
        2,
        2,
        2,
        2,
        1,
        1,
        1,
        null,
        1,
        null,
        null,
        0,
        0,
        null,
        null,
        null,
        1,
        2,
        1,
        1,
        1,
        1,
        null,
        1,
        1,
        1,
        1,
        null,
        null,
        null
      ],
      "/home/ubuntu/workspace/app/models/room.rb": [
        1,
        1,
        1,
        1,
        1,
        1,
        null
      ],
      "/home/ubuntu/workspace/app/models/course.rb": [
        1,
        1,
        1,
        1,
        null
      ]
    },
    "timestamp": 1429450311
  },
  "RSpec": {
    "coverage": {
      "/home/ubuntu/workspace/app/controllers/application_controller.rb": [
        1,
        1,
        null
      ],
      "/home/ubuntu/workspace/app/helpers/application_helper.rb": [
        1,
        null
      ],
      "/home/ubuntu/workspace/app/controllers/rooms_controller.rb": [
        1,
        1,
        null,
        null,
        1,
        null,
        null,
        1,
        0,
        0,
        0,
        0,
        0,
        0,
        0,
        null,
        null,
        1,
        0,
        0,
        0,
        0,
        0,
        0,
        0,
        0,
        0,
        0,
        null,
        0,
        0,
        0,
        0,
        0,
        0,
        0,
        null,
        null,
        null,
        1,
        0,
        null,
        null,
        1,
        0,
        0,
        0,
        0,
        0,
        0,
        0,
        0,
        0,
        null,
        0,
        null,
        null,
        null,
        1,
        0,
        null,
        null,
        1,
        1,
        null,
        null,
        1,
        1,
        null,
        null,
        1,
        0,
        0,
        null,
        null,
        1,
        2,
        2,
        2,
        2,
        2,
        2,
        2,
        2,
        2,
        1,
        1,
        1,
        null,
        1,
        null,
        null,
        0,
        0,
        null,
        null,
        null,
        1,
        1,
        0,
        0,
        0,
        0,
        null,
        1,
        1,
        1,
        1,
        null,
        null,
        null
      ],
      "/home/ubuntu/workspace/app/models/room.rb": [
        1,
        1,
        1,
        1,
        1,
        1,
        null
      ],
      "/home/ubuntu/workspace/app/models/course.rb": [
        1,
        1,
        1,
        1,
        null
      ]
    },
    "timestamp": 1429456973
  }
}
